<?xml version="1.0" encoding="UTF-8"?>
<testng-results skipped="0" failed="0" total="1" passed="1">
  <reporter-output>
  </reporter-output>
  <suite name="Command line suite" duration-ms="126" started-at="2019-12-15T14:57:50Z" finished-at="2019-12-15T14:57:50Z">
    <groups>
    </groups>
    <test name="Command line test" duration-ms="126" started-at="2019-12-15T14:57:50Z" finished-at="2019-12-15T14:57:50Z">
      <class name="SinnerSchrader.SinnerSchrader.AppTest">
        <test-method status="PASS" signature="testApp()[pri:0, instance:testApp(SinnerSchrader.SinnerSchrader.AppTest)]" name="testApp" duration-ms="0" started-at="2019-12-15T15:57:50Z" finished-at="2019-12-15T15:57:50Z">
          <reporter-output>
          </reporter-output>
        </test-method> <!-- testApp -->
      </class> <!-- SinnerSchrader.SinnerSchrader.AppTest -->
    </test> <!-- Command line test -->
  </suite> <!-- Command line suite -->
</testng-results>
