<?xml version="1.0" encoding="UTF-8"?>
<!-- Generated by org.testng.reporters.JUnitXMLReporter -->
<testsuite hostname="HP" name="Default test" tests="4" failures="0" timestamp="19 Dec 2019 22:57:27 GMT" time="29.365" errors="0">
  <testcase name="testScenario1" time="16.753" classname="sinnerSchrader.AppTest"/>
  <testcase name="testScenario2" time="1.821" classname="sinnerSchrader.AppTest"/>
  <testcase name="testScenario3" time="2.936" classname="sinnerSchrader.AppTest"/>
  <testcase name="testScenario4" time="0.686" classname="sinnerSchrader.AppTest"/>
</testsuite> <!-- Default test -->
